c:\users\gameuser\desktop\onlinedev\labs\lab iii\moving.dot.sdl.dot\del\del\debug\vc141.pdb
c:\users\gameuser\desktop\onlinedev\labs\lab iii\moving.dot.sdl.dot\del\del\debug\vc141.idb
c:\users\gameuser\desktop\onlinedev\labs\lab iii\moving.dot.sdl.dot\del\del\debug\source.obj
c:\users\gameuser\desktop\lab iii\moving.dot.sdl.dot\del\del\debug\vc141.pdb
c:\users\gameuser\desktop\lab iii\moving.dot.sdl.dot\del\del\debug\vc141.idb
c:\users\gameuser\desktop\lab iii\moving.dot.sdl.dot\del\del\debug\source.obj
c:\users\gameuser\desktop\lab iii\moving.dot.sdl.dot\del\del\debug\main.obj
c:\users\gameuser\desktop\lab iii\moving.dot.sdl.dot\del\del\debug\tcplistener.obj
c:\users\gameuser\desktop\lab iii\moving.dot.sdl.dot\del\del\debug\testbed.obj
c:\users\gameuser\desktop\lab iii\moving.dot.sdl.dot\del\del\debug\server.obj
c:\users\gameuser\desktop\onlinedev\labs\lab iii\moving.dot.sdl.dot\del\debug\del.lib
c:\users\gameuser\desktop\onlinedev\labs\lab iii\moving.dot.sdl.dot\del\debug\del.exp
c:\users\gameuser\desktop\lab iii\moving.dot.sdl.dot\del\debug\del.lib
c:\users\gameuser\desktop\lab iii\moving.dot.sdl.dot\del\debug\del.exp
c:\users\gameuser\desktop\onlinedev\labs\lab iii\moving.dot.sdl.dot\del\debug\del.ilk
c:\users\gameuser\desktop\onlinedev\labs\lab iii\moving.dot.sdl.dot\del\debug\del.exe
c:\users\gameuser\desktop\onlinedev\labs\lab iii\moving.dot.sdl.dot\del\debug\del.pdb
c:\users\gameuser\desktop\lab iii\moving.dot.sdl.dot\del\del\debug\server.obj.enc
c:\users\gameuser\desktop\lab iii\moving.dot.sdl.dot\del\del\debug\source.obj.enc
c:\users\gameuser\desktop\lab iii\moving.dot.sdl.dot\del\debug\del.pdb
c:\users\gameuser\desktop\lab iii\moving.dot.sdl.dot\del\debug\del.exe
c:\users\gameuser\desktop\lab iii\moving.dot.sdl.dot\del\debug\del.ilk
c:\users\gameuser\desktop\lab iii\moving.dot.sdl.dot\del\del\debug\del.tlog\cl.command.1.tlog
c:\users\gameuser\desktop\lab iii\moving.dot.sdl.dot\del\del\debug\del.tlog\cl.read.1.tlog
c:\users\gameuser\desktop\lab iii\moving.dot.sdl.dot\del\del\debug\del.tlog\cl.write.1.tlog
c:\users\gameuser\desktop\lab iii\moving.dot.sdl.dot\del\del\debug\del.tlog\del.write.1u.tlog
c:\users\gameuser\desktop\lab iii\moving.dot.sdl.dot\del\del\debug\del.tlog\link.command.1.tlog
c:\users\gameuser\desktop\lab iii\moving.dot.sdl.dot\del\del\debug\del.tlog\link.read.1.tlog
c:\users\gameuser\desktop\lab iii\moving.dot.sdl.dot\del\del\debug\del.tlog\link.write.1.tlog
